<?xml version="1.0" encoding="UTF-8"?>
<!-- Generated by org.testng.reporters.JUnitReportReporter -->
<testsuite hostname="DESKTOP-JER5TCF" failures="0" tests="1" name="keyworddriventestng.Kyeboardactiongoogltest" time="10.622" errors="0" timestamp="2022-04-29T09:49:57 IST" skipped="0">
  <testcase classname="keyworddriventestng.Kyeboardactiongoogltest" name="f" time="10.622"/>
  <system-out/>
</testsuite> <!-- keyworddriventestng.Kyeboardactiongoogltest -->
