<?xml version="1.0" encoding="UTF-8"?>
<!-- Generated by org.testng.reporters.JUnitReportReporter -->
<testsuite hostname="DESKTOP-JER5TCF" failures="0" tests="1" name="keyworddriventestng.MouseActionMovebyOffsetFacebookTest" time="10.621" errors="0" timestamp="2022-04-29T12:03:20 IST" skipped="0">
  <testcase classname="keyworddriventestng.MouseActionMovebyOffsetFacebookTest" name="f" time="10.621"/>
  <system-out/>
</testsuite> <!-- keyworddriventestng.MouseActionMovebyOffsetFacebookTest -->
