<?xml version="1.0" encoding="UTF-8"?>
<!-- Generated by org.testng.reporters.JUnitReportReporter -->
<testsuite hostname="DESKTOP-JER5TCF" failures="0" tests="1" name="keyworddriventestng.MouseActionDoubleClickFacebookTest" time="7.185" errors="0" timestamp="2022-04-29T11:55:20 IST" skipped="0">
  <testcase classname="keyworddriventestng.MouseActionDoubleClickFacebookTest" name="f" time="7.185"/>
  <system-out/>
</testsuite> <!-- keyworddriventestng.MouseActionDoubleClickFacebookTest -->
