<?xml version="1.0" encoding="UTF-8"?>
<!-- Generated by org.testng.reporters.JUnitReportReporter -->
<testsuite hostname="DESKTOP-JER5TCF" failures="0" tests="1" name="datadrivenscenarios.Loginnaukriresting" time="41.339" errors="0" timestamp="2022-05-11T09:24:20 IST" skipped="0">
  <testcase classname="datadrivenscenarios.Loginnaukriresting" name="f" time="41.339"/>
  <system-out/>
</testsuite> <!-- datadrivenscenarios.Loginnaukriresting -->
