<?xml version="1.0" encoding="UTF-8"?>
<!-- Generated by org.testng.reporters.JUnitReportReporter -->
<testsuite hostname="DESKTOP-JER5TCF" failures="0" tests="1" name="keyworddriventestng.RailwaymousehoveringTest" time="8.287" errors="0" timestamp="2022-04-29T09:25:01 IST" skipped="0">
  <testcase classname="keyworddriventestng.RailwaymousehoveringTest" name="f" time="8.287"/>
  <system-out/>
</testsuite> <!-- keyworddriventestng.RailwaymousehoveringTest -->
