<?xml version="1.0" encoding="UTF-8"?>
<!-- Generated by org.testng.reporters.JUnitReportReporter -->
<testsuite hostname="DESKTOP-JER5TCF" failures="0" tests="1" name="keyworddriventestng.HandlingbrowserNotificationsTest" time="5.838" errors="0" timestamp="2022-05-06T07:59:14 IST" skipped="0">
  <testcase classname="keyworddriventestng.HandlingbrowserNotificationsTest" name="f" time="5.838"/>
  <system-out/>
</testsuite> <!-- keyworddriventestng.HandlingbrowserNotificationsTest -->
