<?xml version="1.0" encoding="UTF-8"?>
<!-- Generated by org.testng.reporters.JUnitReportReporter -->
<testsuite hostname="DESKTOP-JER5TCF" failures="0" tests="2" name="keyworddriventestng.SoftAssertionsExampleTest" time="6.354" errors="0" timestamp="2022-05-03T22:26:20 IST" skipped="0">
  <testcase classname="keyworddriventestng.SoftAssertionsExampleTest" name="personalbankinglogin" time="3.230"/>
  <system-out/>
  <testcase classname="keyworddriventestng.SoftAssertionsExampleTest" name="alertsmethod" time="3.124"/>
  <system-out/>
</testsuite> <!-- keyworddriventestng.SoftAssertionsExampleTest -->
