<?xml version="1.0" encoding="UTF-8"?>
<!-- Generated by org.testng.reporters.JUnitReportReporter -->
<testsuite hostname="DESKTOP-JER5TCF" failures="0" tests="2" name="keyworddriventestng.Sample2Test" time="0.019" errors="0" timestamp="2022-04-22T09:25:04 IST" skipped="0">
  <testcase classname="keyworddriventestng.Sample2Test" name="apple" time="0.010"/>
  <system-out/>
  <testcase classname="keyworddriventestng.Sample2Test" name="mango" time="0.009"/>
  <system-out/>
</testsuite> <!-- keyworddriventestng.Sample2Test -->
