<?xml version="1.0" encoding="UTF-8"?>
<!-- Generated by org.testng.reporters.JUnitReportReporter -->
<testsuite hostname="DESKTOP-JER5TCF" failures="0" tests="1" name="keyworddriventestng.Sample1Test" time="0.009" errors="0" timestamp="2022-04-22T09:20:31 IST" skipped="0">
  <testcase classname="keyworddriventestng.Sample1Test" name="f" time="0.009"/>
  <system-out/>
</testsuite> <!-- keyworddriventestng.Sample1Test -->
