<?xml version="1.0" encoding="UTF-8"?>
<!-- Generated by org.testng.reporters.JUnitReportReporter -->
<testsuite hostname="DESKTOP-JER5TCF" failures="0" tests="1" name="keyworddriventestng.MouseActionClickandHoldFacebookTest" time="38.770" errors="0" timestamp="2022-05-02T09:28:13 IST" skipped="0">
  <testcase classname="keyworddriventestng.MouseActionClickandHoldFacebookTest" name="f" time="38.770"/>
  <system-out/>
</testsuite> <!-- keyworddriventestng.MouseActionClickandHoldFacebookTest -->
