<?xml version="1.0" encoding="UTF-8"?>
<!-- Generated by org.testng.reporters.JUnitReportReporter -->
<testsuite hostname="DESKTOP-JER5TCF" failures="0" tests="1" name="keyworddriventestng.ActionsIndianRailwaysTest" time="3.446" errors="0" timestamp="2022-04-29T08:23:39 IST" skipped="0">
  <testcase classname="keyworddriventestng.ActionsIndianRailwaysTest" name="mousehovering" time="3.446"/>
  <system-out/>
</testsuite> <!-- keyworddriventestng.ActionsIndianRailwaysTest -->
