<?xml version="1.0" encoding="UTF-8"?>
<!-- Generated by org.testng.reporters.JUnitReportReporter -->
<testsuite hostname="DESKTOP-JER5TCF" failures="0" tests="1" name="keyworddriventestng.ImplicitwaitProgram" time="0.677" errors="0" timestamp="2022-04-27T09:47:15 IST" skipped="0">
  <testcase classname="keyworddriventestng.ImplicitwaitProgram" name="login" time="0.677"/>
  <system-out/>
</testsuite> <!-- keyworddriventestng.ImplicitwaitProgram -->
