<?xml version="1.0" encoding="UTF-8"?>
<!-- Generated by org.testng.reporters.JUnitReportReporter -->
<testsuite hostname="DESKTOP-JER5TCF" failures="0" tests="1" name="keyworddriventestng.MouseActionDragandDropTest" time="5.830" errors="0" timestamp="2022-05-02T09:48:44 IST" skipped="0">
  <testcase classname="keyworddriventestng.MouseActionDragandDropTest" name="f" time="5.830"/>
  <system-out/>
</testsuite> <!-- keyworddriventestng.MouseActionDragandDropTest -->
