<?xml version="1.0" encoding="UTF-8"?>
<!-- Generated by org.testng.reporters.JUnitReportReporter -->
<testsuite hostname="DESKTOP-JER5TCF" failures="0" tests="1" name="keyworddriventestng.KeyboardActionKeyupGoogleTest" time="7.391" errors="0" timestamp="2022-04-29T11:35:07 IST" skipped="0">
  <testcase classname="keyworddriventestng.KeyboardActionKeyupGoogleTest" name="f" time="7.391"/>
  <system-out/>
</testsuite> <!-- keyworddriventestng.KeyboardActionKeyupGoogleTest -->
