<?xml version="1.0" encoding="UTF-8"?>
<!-- Generated by org.testng.reporters.JUnitReportReporter -->
<testsuite hostname="DESKTOP-JER5TCF" failures="0" tests="3" name="keyworddriventestng.Crossbrowsertest" time="30.802" errors="0" timestamp="2022-05-07T09:32:28 IST" skipped="1">
  <testcase classname="keyworddriventestng.Crossbrowsertest" name="edge" time="13.706"/>
  <system-out/>
  <testcase classname="keyworddriventestng.Crossbrowsertest" name="firefox" time="17.096"/>
  <system-out/>
  <testcase classname="keyworddriventestng.Crossbrowsertest" name="chrome">
    <skipped/>
  </testcase> <!-- chrome -->
  <system-out/>
</testsuite> <!-- keyworddriventestng.Crossbrowsertest -->
