<?xml version="1.0" encoding="UTF-8"?>
<!-- Generated by org.testng.reporters.JUnitReportReporter -->
<testsuite hostname="DESKTOP-JER5TCF" failures="0" tests="1" name="keyworddriventestng.MouseActionContextClickFacebookTest" time="6.188" errors="0" timestamp="2022-05-02T09:30:51 IST" skipped="0">
  <testcase classname="keyworddriventestng.MouseActionContextClickFacebookTest" name="f" time="6.188"/>
  <system-out/>
</testsuite> <!-- keyworddriventestng.MouseActionContextClickFacebookTest -->
