<?xml version="1.0" encoding="UTF-8"?>
<!-- Generated by org.testng.reporters.JUnitReportReporter -->
<testsuite hostname="DESKTOP-JER5TCF" failures="0" tests="2" name="keyworddriventestng.Sample3Test" time="0.015" errors="0" timestamp="2022-04-22T09:32:06 IST" skipped="0">
  <testcase classname="keyworddriventestng.Sample3Test" name="apple" time="0.009"/>
  <system-out/>
  <testcase classname="keyworddriventestng.Sample3Test" name="mango" time="0.006"/>
  <system-out/>
</testsuite> <!-- keyworddriventestng.Sample3Test -->
