<?xml version="1.0" encoding="UTF-8"?>
<!-- Generated by org.testng.reporters.JUnitReportReporter -->
<testsuite hostname="DESKTOP-JER5TCF" failures="0" tests="1" name="keyworddriventestng.Sample4Test" time="0.009" errors="0" timestamp="2022-04-25T08:19:28 IST" skipped="0">
  <testcase classname="keyworddriventestng.Sample4Test" name="apple" time="0.009"/>
  <system-out/>
</testsuite> <!-- keyworddriventestng.Sample4Test -->
