<?xml version="1.0" encoding="UTF-8"?>
<!-- Generated by org.testng.reporters.JUnitReportReporter -->
<testsuite hostname="DESKTOP-JER5TCF" failures="0" tests="2" name="keyworddriventestng.SpiecejetActionsTest" time="8.482" errors="0" timestamp="2022-04-28T22:28:32 IST" skipped="0">
  <testcase classname="keyworddriventestng.SpiecejetActionsTest" name="mousehovering" time="5.313"/>
  <system-out/>
  <testcase classname="keyworddriventestng.SpiecejetActionsTest" name="SouthCentralRailway" time="3.169"/>
  <system-out/>
</testsuite> <!-- keyworddriventestng.SpiecejetActionsTest -->
