<?xml version="1.0" encoding="UTF-8"?>
<!-- Generated by org.testng.reporters.JUnitReportReporter -->
<testsuite hostname="DESKTOP-JER5TCF" failures="0" tests="2" name="datadrivenscenarios.NewTest" time="0.013" errors="0" timestamp="2022-05-11T09:17:01 IST" skipped="0">
  <testcase classname="datadrivenscenarios.NewTest" name="f" time="0.009"/>
  <system-out/>
  <testcase classname="datadrivenscenarios.NewTest" name="f" time="0.004"/>
  <system-out/>
</testsuite> <!-- datadrivenscenarios.NewTest -->
