<?xml version="1.0" encoding="UTF-8"?>
<!-- Generated by org.testng.reporters.JUnitReportReporter -->
<testsuite hostname="DESKTOP-JER5TCF" failures="0" tests="1" name="keyworddriventestng.AuthenticationPopUpTest" time="8.942" errors="0" timestamp="2022-05-07T09:01:48 IST" skipped="0">
  <testcase classname="keyworddriventestng.AuthenticationPopUpTest" name="f" time="8.942"/>
  <system-out/>
</testsuite> <!-- keyworddriventestng.AuthenticationPopUpTest -->
