<?xml version="1.0" encoding="UTF-8"?>
<!-- Generated by org.testng.reporters.JUnitReportReporter -->
<testsuite hostname="DESKTOP-JER5TCF" failures="0" tests="1" name="keyworddriventestng.KeyboardActionkeyDownGoogleTest" time="9.560" errors="0" timestamp="2022-05-02T09:20:20 IST" skipped="0">
  <testcase classname="keyworddriventestng.KeyboardActionkeyDownGoogleTest" name="f" time="9.560"/>
  <system-out/>
</testsuite> <!-- keyworddriventestng.KeyboardActionkeyDownGoogleTest -->
