<?xml version="1.0" encoding="UTF-8"?>
<!-- Generated by org.testng.reporters.JUnitReportReporter -->
<testsuite hostname="DESKTOP-JER5TCF" failures="0" tests="1" name="keyworddriventestng.Ohrmslogin_headlessTest" time="12.905" errors="0" timestamp="2022-05-04T09:56:21 IST" skipped="0">
  <testcase classname="keyworddriventestng.Ohrmslogin_headlessTest" name="f" time="12.905"/>
  <system-out/>
</testsuite> <!-- keyworddriventestng.Ohrmslogin_headlessTest -->
