<?xml version="1.0" encoding="UTF-8"?>
<!-- Generated by org.testng.reporters.JUnitReportReporter -->
<testsuite hostname="DESKTOP-JER5TCF" failures="0" tests="1" name="keyworddriventestng.GmailloginTest" time="0.508" errors="0" timestamp="2022-04-28T21:40:43 IST" skipped="0">
  <testcase classname="keyworddriventestng.GmailloginTest" name="login" time="0.508"/>
  <system-out/>
</testsuite> <!-- keyworddriventestng.GmailloginTest -->
