<?xml version="1.0" encoding="UTF-8"?>
<!-- Generated by org.testng.reporters.JUnitReportReporter -->
<testsuite hostname="DESKTOP-JER5TCF" failures="0" tests="1" name="keyworddriventestng.ThreadsleepwaitProgram" time="0.921" errors="0" timestamp="2022-05-05T09:10:39 IST" skipped="0">
  <testcase classname="keyworddriventestng.ThreadsleepwaitProgram" name="login" time="0.921"/>
  <system-out/>
</testsuite> <!-- keyworddriventestng.ThreadsleepwaitProgram -->
