<?xml version="1.0" encoding="UTF-8"?>
<!-- Generated by org.testng.reporters.JUnitReportReporter -->
<testsuite hostname="DESKTOP-JER5TCF" failures="0" tests="1" name="keyworddriventestng.MouseActionReleaseTest" time="6.057" errors="0" timestamp="2022-04-29T12:09:34 IST" skipped="0">
  <testcase classname="keyworddriventestng.MouseActionReleaseTest" name="f" time="6.057"/>
  <system-out/>
</testsuite> <!-- keyworddriventestng.MouseActionReleaseTest -->
