<?xml version="1.0" encoding="UTF-8"?>
<!-- Generated by org.testng.reporters.JUnitReportReporter -->
<testsuite hostname="DESKTOP-JER5TCF" failures="0" tests="1" name="keyworddriventestng.Keyboardactionstest" time="1.574" errors="0" timestamp="2022-04-29T08:18:31 IST" skipped="0">
  <testcase classname="keyworddriventestng.Keyboardactionstest" name="mousehovering" time="1.574"/>
  <system-out/>
</testsuite> <!-- keyworddriventestng.Keyboardactionstest -->
