<?xml version="1.0" encoding="UTF-8"?>
<!-- Generated by org.testng.reporters.JUnitReportReporter -->
<testsuite hostname="DESKTOP-JER5TCF" failures="0" tests="4" name="keyworddriventestng.TestngGroupingTest" time="0.026" errors="0" timestamp="2022-05-04T09:26:04 IST" skipped="0">
  <testcase classname="keyworddriventestng.TestngGroupingTest" name="apple" time="0.017"/>
  <system-out/>
  <testcase classname="keyworddriventestng.TestngGroupingTest" name="grapes" time="0.003"/>
  <system-out/>
  <testcase classname="keyworddriventestng.TestngGroupingTest" name="berry" time="0.003"/>
  <system-out/>
  <testcase classname="keyworddriventestng.TestngGroupingTest" name="orange" time="0.003"/>
  <system-out/>
</testsuite> <!-- keyworddriventestng.TestngGroupingTest -->
