<?xml version="1.0" encoding="UTF-8"?>
<!-- Generated by org.testng.reporters.JUnitReportReporter -->
<testsuite hostname="DESKTOP-JER5TCF" failures="0" tests="1" name="keyworddriventestng.WaitimplementationOnlinesbialerthandlingtestngTest" time="3.747" errors="0" timestamp="2022-04-27T09:39:24 IST" skipped="0">
  <testcase classname="keyworddriventestng.WaitimplementationOnlinesbialerthandlingtestngTest" name="login" time="3.747"/>
  <system-out/>
</testsuite> <!-- keyworddriventestng.WaitimplementationOnlinesbialerthandlingtestngTest -->
