<?xml version="1.0" encoding="UTF-8"?>
<!-- Generated by org.testng.reporters.JUnitReportReporter -->
<testsuite hostname="DESKTOP-JER5TCF" failures="0" tests="1" name="keyworddriventestng.LufthansaAirlinesTktBookingTest" time="3.503" errors="0" timestamp="2022-05-05T09:47:16 IST" skipped="0">
  <testcase classname="keyworddriventestng.LufthansaAirlinesTktBookingTest" name="tktbooking" time="3.503"/>
  <system-out/>
</testsuite> <!-- keyworddriventestng.LufthansaAirlinesTktBookingTest -->
