<?xml version="1.0" encoding="UTF-8"?>
<!-- Generated by org.testng.reporters.JUnitReportReporter -->
<testsuite hostname="DESKTOP-JER5TCF" failures="0" tests="1" name="keyworddriventestng.ValidationProgramTest" time="7.264" errors="0" timestamp="2022-04-28T23:12:31 IST" skipped="0">
  <testcase classname="keyworddriventestng.ValidationProgramTest" name="f" time="7.264"/>
  <system-out/>
</testsuite> <!-- keyworddriventestng.ValidationProgramTest -->
