<?xml version="1.0" encoding="UTF-8"?>
<!-- Generated by org.testng.reporters.JUnitReportReporter -->
<testsuite hostname="DESKTOP-JER5TCF" failures="0" tests="1" name="keyworddriventestng.MouseActionDragandDropByTest" time="5.480" errors="0" timestamp="2022-04-29T12:08:20 IST" skipped="0">
  <testcase classname="keyworddriventestng.MouseActionDragandDropByTest" name="f" time="5.480"/>
  <system-out/>
</testsuite> <!-- keyworddriventestng.MouseActionDragandDropByTest -->
