<?xml version="1.0" encoding="UTF-8"?>
<!-- Generated by org.testng.reporters.JUnitReportReporter -->
<testsuite hostname="DESKTOP-JER5TCF" failures="0" tests="2" name="keyworddriventestng.HardAssertionsExampleTest" time="6.427" errors="0" timestamp="2022-05-03T09:25:57 IST" skipped="0">
  <testcase classname="keyworddriventestng.HardAssertionsExampleTest" name="personalbankinglogin" time="3.256"/>
  <system-out/>
  <testcase classname="keyworddriventestng.HardAssertionsExampleTest" name="alertsmethod" time="3.171"/>
  <system-out/>
</testsuite> <!-- keyworddriventestng.HardAssertionsExampleTest -->
