<?xml version="1.0" encoding="UTF-8"?>
<!-- Generated by org.testng.reporters.JUnitReportReporter -->
<testsuite hostname="DESKTOP-JER5TCF" failures="0" tests="2" name="keyworddriventestng.OnlinesbialerthandlingtestngTest" time="7.122" errors="0" timestamp="2022-04-26T06:50:52 IST" skipped="0">
  <testcase classname="keyworddriventestng.OnlinesbialerthandlingtestngTest" name="personalbankinglogin" time="3.945"/>
  <system-out/>
  <testcase classname="keyworddriventestng.OnlinesbialerthandlingtestngTest" name="alertsmethod" time="3.177"/>
  <system-out/>
</testsuite> <!-- keyworddriventestng.OnlinesbialerthandlingtestngTest -->
