<?xml version="1.0" encoding="UTF-8"?>
<!-- Generated by org.testng.reporters.JUnitReportReporter -->
<testsuite hostname="DESKTOP-JER5TCF" failures="0" tests="1" name="keyworddriventestng.Explicitwait_sbiexample" time="18.160" errors="0" timestamp="2022-05-07T09:35:30 IST" skipped="0">
  <testcase classname="keyworddriventestng.Explicitwait_sbiexample" name="f" time="18.160"/>
  <system-out/>
</testsuite> <!-- keyworddriventestng.Explicitwait_sbiexample -->
