<?xml version="1.0" encoding="UTF-8"?>
<!-- Generated by org.testng.reporters.JUnitReportReporter -->
<testsuite hostname="DESKTOP-JER5TCF" failures="0" tests="4" name="datadrivenscenarios.Facebooklogin_DataproviderTest" time="2.230" errors="0" timestamp="2022-05-11T09:21:49 IST" skipped="0">
  <testcase classname="datadrivenscenarios.Facebooklogin_DataproviderTest" name="test" time="0.309"/>
  <system-out/>
  <testcase classname="datadrivenscenarios.Facebooklogin_DataproviderTest" name="test" time="0.368"/>
  <system-out/>
  <testcase classname="datadrivenscenarios.Facebooklogin_DataproviderTest" name="test" time="0.308"/>
  <system-out/>
  <testcase classname="datadrivenscenarios.Facebooklogin_DataproviderTest" name="test" time="1.245"/>
  <system-out/>
</testsuite> <!-- datadrivenscenarios.Facebooklogin_DataproviderTest -->
