<?xml version="1.0" encoding="UTF-8"?>
<!-- Generated by org.testng.reporters.JUnitReportReporter -->
<testsuite hostname="DESKTOP-JER5TCF" failures="0" tests="1" name="keyworddriventestng.FramesTest" time="16.158" errors="0" timestamp="2022-05-04T08:57:57 IST" skipped="0">
  <testcase classname="keyworddriventestng.FramesTest" name="f" time="16.158"/>
  <system-out/>
</testsuite> <!-- keyworddriventestng.FramesTest -->
